Arguments: 
  D:\NodeJS\node.exe C:\Users\Felipe Lindo\AppData\Roaming\npm\node_modules\yarn\bin\yarn.js

PATH: 
  C:\Program Files\Common Files\Oracle\Java\javapath;C:\Program Files (x86)\Common Files\Intel\Shared Libraries\redist\intel64\compiler;C:\Program Files (x86)\Common Files\Oracle\Java\javapath;C:\WINDOWS\system32;C:\WINDOWS;C:\WINDOWS\System32\Wbem;C:\WINDOWS\System32\WindowsPowerShell\v1.0\;C:\WINDOWS\System32\OpenSSH\;C:\Program Files (x86)\NVIDIA Corporation\PhysX\Common;C:\ProgramData\UNIVALI\Portugol Studio;C:\Users\Felipe Lindo\AppData\Local\Programs\Python\Python39\Scripts;C:\Program Files\NVIDIA Corporation\NVIDIA NvDLISR;D:\Git\cmd;D:\NodeJS\;C:\Program Files\Docker\Docker\resources\bin;C:\ProgramData\DockerDesktop\version-bin;C:\Program Files\MySQL\MySQL Shell 8.0\bin\;C:\Users\Felipe Lindo\AppData\Local\Microsoft\WindowsApps;;D:\Microsoft VS Code\bin;C:\Users\Felipe Lindo\AppData\Roaming\npm

Yarn version: 
  1.22.19

Node version: 
  16.15.0

Platform: 
  win32 x64

Trace: 
  SyntaxError: C:\Users\Felipe Lindo\Desktop\Projetos\Main Lava Jato\lava-jato-app-main\package.json: Unexpected token < in JSON at position 288
      at JSON.parse (<anonymous>)
      at C:\Users\Felipe Lindo\AppData\Roaming\npm\node_modules\yarn\lib\cli.js:1629:59
      at Generator.next (<anonymous>)
      at step (C:\Users\Felipe Lindo\AppData\Roaming\npm\node_modules\yarn\lib\cli.js:310:30)
      at C:\Users\Felipe Lindo\AppData\Roaming\npm\node_modules\yarn\lib\cli.js:321:13

npm manifest: 
  {
    "name": "lava-jato-app",
    "version": "1.0.0",
    "main": "node_modules/expo/AppEntry.js",
    "scripts": {
      "start": "expo start",
      "android": "expo start --android",
      "ios": "expo start --ios",
      "web": "expo start --web",
      "eject": "expo eject"
    },
    "dependencies": {
  <<<<<<< HEAD
  =======
      "@react-navigation/bottom-tabs": "^6.3.1",
      "@react-navigation/native": "^6.0.10",
      "@react-navigation/stack": "^6.2.1",
  >>>>>>> 1cd7ae213cc5a6975abcb2cc9595de24e14dafe9
      "expo": "~45.0.0",
      "expo-status-bar": "~1.3.0",
      "react": "17.0.2",
      "react-dom": "17.0.2",
      "react-native": "0.68.2",
  <<<<<<< HEAD
      "react-native-splash-screen": "^3.3.0",
  =======
      "react-native-elements": "^3.4.2",
      "react-native-safe-area-context": "^4.2.4",
      "react-native-screens": "~3.11.1",
      "react-native-vector-icons": "^9.1.0",
  >>>>>>> 1cd7ae213cc5a6975abcb2cc9595de24e14dafe9
      "react-native-web": "0.17.7"
    },
    "devDependencies": {
      "@babel/core": "^7.12.9"
    },
    "private": true
  }

yarn manifest: 
  No manifest

Lockfile: 
  No lockfile
